<!DOCTYPE html PUBLIC "-//W3C//DTD XHTML 1.1//EN" "http://www.w3.org/TR/xhtml11/DTD/xhtml11.dtd">
<html xmlns="http://www.w3.org/1999/xhtml"><head><title>TestNG Report</title><style type="text/css">table {margin-bottom:10px;border-collapse:collapse;empty-cells:show}th,td {border:1px solid #009;padding:.25em .5em}th {vertical-align:bottom}td {vertical-align:top}table a {font-weight:bold}.stripe td {background-color: #E6EBF9}.num {text-align:right}.passedodd td {background-color: #3F3}.passedeven td {background-color: #0A0}.skippedodd td {background-color: #DDD}.skippedeven td {background-color: #CCC}.failedodd td,.attn {background-color: #F33}.failedeven td,.stripe .attn {background-color: #D00}.stacktrace {white-space:pre;font-family:monospace}.totop {font-size:85%;text-align:center;border-bottom:2px solid #000}</style></head><body><table><tr><th>Test</th><th># Passed</th><th># Skipped</th><th># Failed</th><th>Time (ms)</th><th>Included Groups</th><th>Excluded Groups</th></tr><tr><th colspan="7">Free CRM Application Test Automation Suite</th></tr><tr><td><a href="#t0">Free CRM Application Test Cases</a></td><td class="num">4</td><td class="num attn">3</td><td class="num attn">1</td><td class="num">301,630</td><td></td><td></td></tr></table><table id='summary'><thead><tr><th>Class</th><th>Method</th><th>Start</th><th>Time (ms)</th></tr></thead><tbody><tr><th colspan="4">Free CRM Application Test Automation Suite</th></tr></tbody><tbody id="t0"><tr><th colspan="4">Free CRM Application Test Cases &#8212; failed (configuration methods)</th></tr><tr class="failedeven"><td rowspan="1">com.crm.qa.testcases.LoginPageTest</td><td><a href="#m0">browserSetUp</a></td><td rowspan="1">1539453858284</td><td rowspan="1">55982</td></tr><tr><th colspan="4">Free CRM Application Test Cases &#8212; failed</th></tr><tr class="failedeven"><td rowspan="1">com.crm.qa.testcases.HomePageTest</td><td><a href="#m1">verifycorrectUserName</a></td><td rowspan="1">1539454040871</td><td rowspan="1">30073</td></tr><tr><th colspan="4">Free CRM Application Test Cases &#8212; skipped (configuration methods)</th></tr><tr class="skippedeven"><td rowspan="2">com.crm.qa.testcases.LoginPageTest</td><td><a href="#m2">browserSetUp</a></td><td rowspan="2">1539454116586</td><td rowspan="2">0</td></tr><tr class="skippedeven"><td><a href="#m3">browserSetUp</a></td></tr><tr><th colspan="4">Free CRM Application Test Cases &#8212; skipped</th></tr><tr class="skippedeven"><td rowspan="3">com.crm.qa.testcases.LoginPageTest</td><td><a href="#m4">loginPageCRMLogoTest</a></td><td rowspan="1">1539454005450</td><td rowspan="1">0</td></tr><tr class="skippedeven"><td><a href="#m5">loginPageTitleTest</a></td><td rowspan="1">1539453914307</td><td rowspan="1">1</td></tr><tr class="skippedeven"><td><a href="#m6">loginTest</a></td><td rowspan="1">1539454116588</td><td rowspan="1">0</td></tr><tr><th colspan="4">Free CRM Application Test Cases &#8212; passed</th></tr><tr class="passedeven"><td rowspan="2">com.crm.qa.testcases.ContactsPageTest</td><td><a href="#m7">verifyContactsPageLabelTest</a></td><td rowspan="1">1539454004944</td><td rowspan="1">139</td></tr><tr class="passedeven"><td><a href="#m8">verifySelectContactNameTest</a></td><td rowspan="1">1539454116004</td><td rowspan="1">236</td></tr><tr class="passedodd"><td rowspan="2">com.crm.qa.testcases.HomePageTest</td><td><a href="#m9">verifyContactsLinkTest</a></td><td rowspan="1">1539454156854</td><td rowspan="1">2692</td></tr><tr class="passedodd"><td><a href="#m10">verifyHomePageTitleTest</a></td><td rowspan="1">1539453964891</td><td rowspan="1">12</td></tr></tbody></table><h2>Free CRM Application Test Cases</h2><h3 id="m0">com.crm.qa.testcases.LoginPageTest#browserSetUp</h3><table class="result"><tr><th>Exception</th></tr><tr><td><div class="stacktrace">org.openqa.selenium.WebDriverException: Failed to decode response from marionette
Build info: version: &apos;3.13.0&apos;, revision: &apos;2f0d292&apos;, time: &apos;2018-06-25T15:24:21.231Z&apos;
System info: host: &apos;RASHID-PC&apos;, ip: &apos;192.168.36.1&apos;, os.name: &apos;Windows 7&apos;, os.arch: &apos;amd64&apos;, os.version: &apos;6.1&apos;, java.version: &apos;1.8.0_25&apos;
Driver info: driver.version: FirefoxDriver
remote stacktrace: stack backtrace:
   0:           0x47e934 - &lt;no info&gt;
   1:           0x47f0a3 - &lt;no info&gt;
   2:           0x442511 - &lt;no info&gt;
   3:           0x42b90e - &lt;no info&gt;
   4:           0x406f5e - &lt;no info&gt;
   5:           0x40cfc9 - &lt;no info&gt;
   6:           0x6bef19 - &lt;no info&gt;
   7:           0x420756 - &lt;no info&gt;
   8:           0x6b96e0 - &lt;no info&gt;
   9:         0x77abf34d - BaseThreadInitThunk
	at org.openqa.selenium.remote.W3CHandshakeResponse.lambda$new$0(W3CHandshakeResponse.java:57)
	at org.openqa.selenium.remote.W3CHandshakeResponse$$Lambda$200/455785638.apply(Unknown Source)
	at org.openqa.selenium.remote.W3CHandshakeResponse.lambda$getResponseFunction$2(W3CHandshakeResponse.java:104)
	at org.openqa.selenium.remote.W3CHandshakeResponse$$Lambda$202/785570251.apply(Unknown Source)
	at org.openqa.selenium.remote.ProtocolHandshake.lambda$createSession$0(ProtocolHandshake.java:123)
	at org.openqa.selenium.remote.ProtocolHandshake$$Lambda$203/1138410383.apply(Unknown Source)
	at java.util.stream.ReferencePipeline$3$1.accept(Unknown Source)
	at java.util.Spliterators$ArraySpliterator.tryAdvance(Unknown Source)
	at java.util.stream.ReferencePipeline.forEachWithCancel(Unknown Source)
	at java.util.stream.AbstractPipeline.copyIntoWithCancel(Unknown Source)
	at java.util.stream.AbstractPipeline.copyInto(Unknown Source)
	at java.util.stream.AbstractPipeline.wrapAndCopyInto(Unknown Source)
	at java.util.stream.FindOps$FindOp.evaluateSequential(Unknown Source)
	at java.util.stream.AbstractPipeline.evaluate(Unknown Source)
	at java.util.stream.ReferencePipeline.findFirst(Unknown Source)
	at org.openqa.selenium.remote.ProtocolHandshake.createSession(ProtocolHandshake.java:126)
	at org.openqa.selenium.remote.ProtocolHandshake.createSession(ProtocolHandshake.java:73)
	at org.openqa.selenium.remote.HttpCommandExecutor.execute(HttpCommandExecutor.java:136)
	at org.openqa.selenium.remote.service.DriverCommandExecutor.execute(DriverCommandExecutor.java:83)
	at org.openqa.selenium.remote.RemoteWebDriver.execute(RemoteWebDriver.java:548)
	at org.openqa.selenium.remote.RemoteWebDriver.startSession(RemoteWebDriver.java:212)
	at org.openqa.selenium.remote.RemoteWebDriver.&lt;init&gt;(RemoteWebDriver.java:130)
	at org.openqa.selenium.firefox.FirefoxDriver.&lt;init&gt;(FirefoxDriver.java:125)
	at org.openqa.selenium.firefox.FirefoxDriver.&lt;init&gt;(FirefoxDriver.java:103)
	at com.crm.qa.base.TestBase.initialization(TestBase.java:41)
	at com.crm.qa.testcases.LoginPageTest.browserSetUp(LoginPageTest.java:24)
... Removed 31 stack frames</div></td></tr></table><p class="totop"><a href="#summary">back to summary</a></p><h3 id="m1">com.crm.qa.testcases.HomePageTest#verifycorrectUserName</h3><table class="result"><tr><th>Exception</th></tr><tr><td><div class="stacktrace">org.openqa.selenium.NoSuchElementException: Unable to locate element: //td[contains(text(),&apos;User: Naveen K&apos;)]
For documentation on this error, please visit: http://seleniumhq.org/exceptions/no_such_element.html
Build info: version: &apos;3.13.0&apos;, revision: &apos;2f0d292&apos;, time: &apos;2018-06-25T15:24:21.231Z&apos;
System info: host: &apos;RASHID-PC&apos;, ip: &apos;192.168.36.1&apos;, os.name: &apos;Windows 7&apos;, os.arch: &apos;amd64&apos;, os.version: &apos;6.1&apos;, java.version: &apos;1.8.0_25&apos;
Driver info: org.openqa.selenium.firefox.FirefoxDriver
Capabilities {acceptInsecureCerts: true, browserName: firefox, browserVersion: 59.0.2, javascriptEnabled: true, moz:accessibilityChecks: false, moz:headless: false, moz:processID: 2696, moz:profile: C:\Users\Rashid\AppData\Loc..., moz:useNonSpecCompliantPointerOrigin: false, moz:webdriverClick: true, pageLoadStrategy: normal, platform: XP, platformName: XP, platformVersion: 6.1, rotatable: false, timeouts: {implicit: 0, pageLoad: 300000, script: 30000}}
Session ID: 872983fe-5e0c-42df-a268-08e37ad5e4da
*** Element info: {Using=xpath, value=//td[contains(text(),&apos;User: Naveen K&apos;)]}
	at org.openqa.selenium.remote.http.W3CHttpResponseCodec.createException(W3CHttpResponseCodec.java:187)
	at org.openqa.selenium.remote.http.W3CHttpResponseCodec.decode(W3CHttpResponseCodec.java:122)
	at org.openqa.selenium.remote.http.W3CHttpResponseCodec.decode(W3CHttpResponseCodec.java:49)
	at org.openqa.selenium.remote.HttpCommandExecutor.execute(HttpCommandExecutor.java:158)
	at org.openqa.selenium.remote.service.DriverCommandExecutor.execute(DriverCommandExecutor.java:83)
	at org.openqa.selenium.remote.RemoteWebDriver.execute(RemoteWebDriver.java:548)
	at org.openqa.selenium.remote.RemoteWebDriver.findElement(RemoteWebDriver.java:322)
	at org.openqa.selenium.remote.RemoteWebDriver.findElementByXPath(RemoteWebDriver.java:424)
	at org.openqa.selenium.By$ByXPath.findElement(By.java:353)
	at org.openqa.selenium.remote.RemoteWebDriver.findElement(RemoteWebDriver.java:314)
	at org.openqa.selenium.support.pagefactory.DefaultElementLocator.findElement(DefaultElementLocator.java:69)
	at org.openqa.selenium.support.pagefactory.internal.LocatingElementHandler.invoke(LocatingElementHandler.java:38)
	at com.sun.proxy.$Proxy9.isDisplayed(Unknown Source)
	at com.crm.qa.pages.HomePage.verifyCorrectUserName(HomePage.java:50)
	at com.crm.qa.testcases.HomePageTest.verifycorrectUserName(HomePageTest.java:45)
... Removed 29 stack frames</div></td></tr></table><p class="totop"><a href="#summary">back to summary</a></p><h3 id="m2">com.crm.qa.testcases.LoginPageTest#browserSetUp</h3><table class="result"></table><p class="totop"><a href="#summary">back to summary</a></p><h3 id="m3">com.crm.qa.testcases.LoginPageTest#browserSetUp</h3><table class="result"></table><p class="totop"><a href="#summary">back to summary</a></p><h3 id="m4">com.crm.qa.testcases.LoginPageTest#loginPageCRMLogoTest</h3><table class="result"><tr><th>Exception</th></tr><tr><td><div class="stacktrace">org.openqa.selenium.WebDriverException: Failed to decode response from marionette
Build info: version: &apos;3.13.0&apos;, revision: &apos;2f0d292&apos;, time: &apos;2018-06-25T15:24:21.231Z&apos;
System info: host: &apos;RASHID-PC&apos;, ip: &apos;192.168.36.1&apos;, os.name: &apos;Windows 7&apos;, os.arch: &apos;amd64&apos;, os.version: &apos;6.1&apos;, java.version: &apos;1.8.0_25&apos;
Driver info: driver.version: FirefoxDriver
remote stacktrace: stack backtrace:
   0:           0x47e934 - &lt;no info&gt;
   1:           0x47f0a3 - &lt;no info&gt;
   2:           0x442511 - &lt;no info&gt;
   3:           0x42b90e - &lt;no info&gt;
   4:           0x406f5e - &lt;no info&gt;
   5:           0x40cfc9 - &lt;no info&gt;
   6:           0x6bef19 - &lt;no info&gt;
   7:           0x420756 - &lt;no info&gt;
   8:           0x6b96e0 - &lt;no info&gt;
   9:         0x77abf34d - BaseThreadInitThunk
	at org.openqa.selenium.remote.W3CHandshakeResponse.lambda$new$0(W3CHandshakeResponse.java:57)
	at org.openqa.selenium.remote.W3CHandshakeResponse$$Lambda$200/455785638.apply(Unknown Source)
	at org.openqa.selenium.remote.W3CHandshakeResponse.lambda$getResponseFunction$2(W3CHandshakeResponse.java:104)
	at org.openqa.selenium.remote.W3CHandshakeResponse$$Lambda$202/785570251.apply(Unknown Source)
	at org.openqa.selenium.remote.ProtocolHandshake.lambda$createSession$0(ProtocolHandshake.java:123)
	at org.openqa.selenium.remote.ProtocolHandshake$$Lambda$203/1138410383.apply(Unknown Source)
	at java.util.stream.ReferencePipeline$3$1.accept(Unknown Source)
	at java.util.Spliterators$ArraySpliterator.tryAdvance(Unknown Source)
	at java.util.stream.ReferencePipeline.forEachWithCancel(Unknown Source)
	at java.util.stream.AbstractPipeline.copyIntoWithCancel(Unknown Source)
	at java.util.stream.AbstractPipeline.copyInto(Unknown Source)
	at java.util.stream.AbstractPipeline.wrapAndCopyInto(Unknown Source)
	at java.util.stream.FindOps$FindOp.evaluateSequential(Unknown Source)
	at java.util.stream.AbstractPipeline.evaluate(Unknown Source)
	at java.util.stream.ReferencePipeline.findFirst(Unknown Source)
	at org.openqa.selenium.remote.ProtocolHandshake.createSession(ProtocolHandshake.java:126)
	at org.openqa.selenium.remote.ProtocolHandshake.createSession(ProtocolHandshake.java:73)
	at org.openqa.selenium.remote.HttpCommandExecutor.execute(HttpCommandExecutor.java:136)
	at org.openqa.selenium.remote.service.DriverCommandExecutor.execute(DriverCommandExecutor.java:83)
	at org.openqa.selenium.remote.RemoteWebDriver.execute(RemoteWebDriver.java:548)
	at org.openqa.selenium.remote.RemoteWebDriver.startSession(RemoteWebDriver.java:212)
	at org.openqa.selenium.remote.RemoteWebDriver.&lt;init&gt;(RemoteWebDriver.java:130)
	at org.openqa.selenium.firefox.FirefoxDriver.&lt;init&gt;(FirefoxDriver.java:125)
	at org.openqa.selenium.firefox.FirefoxDriver.&lt;init&gt;(FirefoxDriver.java:103)
	at com.crm.qa.base.TestBase.initialization(TestBase.java:41)
	at com.crm.qa.testcases.LoginPageTest.browserSetUp(LoginPageTest.java:24)
... Removed 31 stack frames</div></td></tr></table><p class="totop"><a href="#summary">back to summary</a></p><h3 id="m5">com.crm.qa.testcases.LoginPageTest#loginPageTitleTest</h3><table class="result"><tr><th>Exception</th></tr><tr><td><div class="stacktrace">org.openqa.selenium.WebDriverException: Failed to decode response from marionette
Build info: version: &apos;3.13.0&apos;, revision: &apos;2f0d292&apos;, time: &apos;2018-06-25T15:24:21.231Z&apos;
System info: host: &apos;RASHID-PC&apos;, ip: &apos;192.168.36.1&apos;, os.name: &apos;Windows 7&apos;, os.arch: &apos;amd64&apos;, os.version: &apos;6.1&apos;, java.version: &apos;1.8.0_25&apos;
Driver info: driver.version: FirefoxDriver
remote stacktrace: stack backtrace:
   0:           0x47e934 - &lt;no info&gt;
   1:           0x47f0a3 - &lt;no info&gt;
   2:           0x442511 - &lt;no info&gt;
   3:           0x42b90e - &lt;no info&gt;
   4:           0x406f5e - &lt;no info&gt;
   5:           0x40cfc9 - &lt;no info&gt;
   6:           0x6bef19 - &lt;no info&gt;
   7:           0x420756 - &lt;no info&gt;
   8:           0x6b96e0 - &lt;no info&gt;
   9:         0x77abf34d - BaseThreadInitThunk
	at org.openqa.selenium.remote.W3CHandshakeResponse.lambda$new$0(W3CHandshakeResponse.java:57)
	at org.openqa.selenium.remote.W3CHandshakeResponse$$Lambda$200/455785638.apply(Unknown Source)
	at org.openqa.selenium.remote.W3CHandshakeResponse.lambda$getResponseFunction$2(W3CHandshakeResponse.java:104)
	at org.openqa.selenium.remote.W3CHandshakeResponse$$Lambda$202/785570251.apply(Unknown Source)
	at org.openqa.selenium.remote.ProtocolHandshake.lambda$createSession$0(ProtocolHandshake.java:123)
	at org.openqa.selenium.remote.ProtocolHandshake$$Lambda$203/1138410383.apply(Unknown Source)
	at java.util.stream.ReferencePipeline$3$1.accept(Unknown Source)
	at java.util.Spliterators$ArraySpliterator.tryAdvance(Unknown Source)
	at java.util.stream.ReferencePipeline.forEachWithCancel(Unknown Source)
	at java.util.stream.AbstractPipeline.copyIntoWithCancel(Unknown Source)
	at java.util.stream.AbstractPipeline.copyInto(Unknown Source)
	at java.util.stream.AbstractPipeline.wrapAndCopyInto(Unknown Source)
	at java.util.stream.FindOps$FindOp.evaluateSequential(Unknown Source)
	at java.util.stream.AbstractPipeline.evaluate(Unknown Source)
	at java.util.stream.ReferencePipeline.findFirst(Unknown Source)
	at org.openqa.selenium.remote.ProtocolHandshake.createSession(ProtocolHandshake.java:126)
	at org.openqa.selenium.remote.ProtocolHandshake.createSession(ProtocolHandshake.java:73)
	at org.openqa.selenium.remote.HttpCommandExecutor.execute(HttpCommandExecutor.java:136)
	at org.openqa.selenium.remote.service.DriverCommandExecutor.execute(DriverCommandExecutor.java:83)
	at org.openqa.selenium.remote.RemoteWebDriver.execute(RemoteWebDriver.java:548)
	at org.openqa.selenium.remote.RemoteWebDriver.startSession(RemoteWebDriver.java:212)
	at org.openqa.selenium.remote.RemoteWebDriver.&lt;init&gt;(RemoteWebDriver.java:130)
	at org.openqa.selenium.firefox.FirefoxDriver.&lt;init&gt;(FirefoxDriver.java:125)
	at org.openqa.selenium.firefox.FirefoxDriver.&lt;init&gt;(FirefoxDriver.java:103)
	at com.crm.qa.base.TestBase.initialization(TestBase.java:41)
	at com.crm.qa.testcases.LoginPageTest.browserSetUp(LoginPageTest.java:24)
... Removed 31 stack frames</div></td></tr></table><p class="totop"><a href="#summary">back to summary</a></p><h3 id="m6">com.crm.qa.testcases.LoginPageTest#loginTest</h3><table class="result"><tr><th>Exception</th></tr><tr><td><div class="stacktrace">org.openqa.selenium.WebDriverException: Failed to decode response from marionette
Build info: version: &apos;3.13.0&apos;, revision: &apos;2f0d292&apos;, time: &apos;2018-06-25T15:24:21.231Z&apos;
System info: host: &apos;RASHID-PC&apos;, ip: &apos;192.168.36.1&apos;, os.name: &apos;Windows 7&apos;, os.arch: &apos;amd64&apos;, os.version: &apos;6.1&apos;, java.version: &apos;1.8.0_25&apos;
Driver info: driver.version: FirefoxDriver
remote stacktrace: stack backtrace:
   0:           0x47e934 - &lt;no info&gt;
   1:           0x47f0a3 - &lt;no info&gt;
   2:           0x442511 - &lt;no info&gt;
   3:           0x42b90e - &lt;no info&gt;
   4:           0x406f5e - &lt;no info&gt;
   5:           0x40cfc9 - &lt;no info&gt;
   6:           0x6bef19 - &lt;no info&gt;
   7:           0x420756 - &lt;no info&gt;
   8:           0x6b96e0 - &lt;no info&gt;
   9:         0x77abf34d - BaseThreadInitThunk
	at org.openqa.selenium.remote.W3CHandshakeResponse.lambda$new$0(W3CHandshakeResponse.java:57)
	at org.openqa.selenium.remote.W3CHandshakeResponse$$Lambda$200/455785638.apply(Unknown Source)
	at org.openqa.selenium.remote.W3CHandshakeResponse.lambda$getResponseFunction$2(W3CHandshakeResponse.java:104)
	at org.openqa.selenium.remote.W3CHandshakeResponse$$Lambda$202/785570251.apply(Unknown Source)
	at org.openqa.selenium.remote.ProtocolHandshake.lambda$createSession$0(ProtocolHandshake.java:123)
	at org.openqa.selenium.remote.ProtocolHandshake$$Lambda$203/1138410383.apply(Unknown Source)
	at java.util.stream.ReferencePipeline$3$1.accept(Unknown Source)
	at java.util.Spliterators$ArraySpliterator.tryAdvance(Unknown Source)
	at java.util.stream.ReferencePipeline.forEachWithCancel(Unknown Source)
	at java.util.stream.AbstractPipeline.copyIntoWithCancel(Unknown Source)
	at java.util.stream.AbstractPipeline.copyInto(Unknown Source)
	at java.util.stream.AbstractPipeline.wrapAndCopyInto(Unknown Source)
	at java.util.stream.FindOps$FindOp.evaluateSequential(Unknown Source)
	at java.util.stream.AbstractPipeline.evaluate(Unknown Source)
	at java.util.stream.ReferencePipeline.findFirst(Unknown Source)
	at org.openqa.selenium.remote.ProtocolHandshake.createSession(ProtocolHandshake.java:126)
	at org.openqa.selenium.remote.ProtocolHandshake.createSession(ProtocolHandshake.java:73)
	at org.openqa.selenium.remote.HttpCommandExecutor.execute(HttpCommandExecutor.java:136)
	at org.openqa.selenium.remote.service.DriverCommandExecutor.execute(DriverCommandExecutor.java:83)
	at org.openqa.selenium.remote.RemoteWebDriver.execute(RemoteWebDriver.java:548)
	at org.openqa.selenium.remote.RemoteWebDriver.startSession(RemoteWebDriver.java:212)
	at org.openqa.selenium.remote.RemoteWebDriver.&lt;init&gt;(RemoteWebDriver.java:130)
	at org.openqa.selenium.firefox.FirefoxDriver.&lt;init&gt;(FirefoxDriver.java:125)
	at org.openqa.selenium.firefox.FirefoxDriver.&lt;init&gt;(FirefoxDriver.java:103)
	at com.crm.qa.base.TestBase.initialization(TestBase.java:41)
	at com.crm.qa.testcases.LoginPageTest.browserSetUp(LoginPageTest.java:24)
... Removed 31 stack frames</div></td></tr></table><p class="totop"><a href="#summary">back to summary</a></p><h3 id="m7">com.crm.qa.testcases.ContactsPageTest#verifyContactsPageLabelTest</h3><table class="result"></table><p class="totop"><a href="#summary">back to summary</a></p><h3 id="m8">com.crm.qa.testcases.ContactsPageTest#verifySelectContactNameTest</h3><table class="result"><tr><th>Messages</th></tr><tr><td><div class="messages">Contact selected</div></td></tr></table><p class="totop"><a href="#summary">back to summary</a></p><h3 id="m9">com.crm.qa.testcases.HomePageTest#verifyContactsLinkTest</h3><table class="result"></table><p class="totop"><a href="#summary">back to summary</a></p><h3 id="m10">com.crm.qa.testcases.HomePageTest#verifyHomePageTitleTest</h3><table class="result"></table><p class="totop"><a href="#summary">back to summary</a></p></body></html>